2014-05-14T21:08:10+00:00 ERROR Global - Error caught: #2: fopen(compress.zlib://D:\freehost\dang0498009\web\game\cache/6-0.c7763203e20a64b270352752d6a1e7c6) [<a href='function.fopen'>function.fopen</a>]: failed to open stream: operation failed in D:\freehost\dang0498009\web\game\pixmicat.php on line 247
2014-05-14T21:08:10+00:00 ERROR Global - Error caught: #2: fwrite(): supplied argument is not a valid stream resource in D:\freehost\dang0498009\web\game\pixmicat.php on line 248
2014-05-14T21:08:10+00:00 ERROR Global - Error caught: #2: fclose(): supplied argument is not a valid stream resource in D:\freehost\dang0498009\web\game\pixmicat.php on line 249
2014-05-14T21:08:10+00:00 ERROR Global - Fatal error caught: #2048: date() [<a href='function.date'>function.date</a>]: It is not safe to rely on the system's timezone settings. Please use the date.timezone setting, the TZ environment variable or the date_default_timezone_set() function. In case you used any of those methods and you are still getting this warning, you most likely misspelled the timezone identifier. We selected 'UTC' for '8.0/no DST' instead in D:\freehost\dang0498009\web\game\lib\lib_simplelogger.php on line 68
2014-05-17T09:32:40+00:00 ERROR Global - Error caught: #2: fopen(compress.zlib://D:\freehost\dang0498009\web\game\cache/7-0.c7763203e20a64b270352752d6a1e7c6) [<a href='function.fopen'>function.fopen</a>]: failed to open stream: operation failed in D:\freehost\dang0498009\web\game\pixmicat.php on line 247
2014-05-17T09:32:40+00:00 ERROR Global - Error caught: #2: fwrite(): supplied argument is not a valid stream resource in D:\freehost\dang0498009\web\game\pixmicat.php on line 248
2014-05-17T09:32:40+00:00 ERROR Global - Error caught: #2: fclose(): supplied argument is not a valid stream resource in D:\freehost\dang0498009\web\game\pixmicat.php on line 249
2014-05-17T09:32:40+00:00 ERROR Global - Fatal error caught: #2048: date() [<a href='function.date'>function.date</a>]: It is not safe to rely on the system's timezone settings. Please use the date.timezone setting, the TZ environment variable or the date_default_timezone_set() function. In case you used any of those methods and you are still getting this warning, you most likely misspelled the timezone identifier. We selected 'UTC' for '8.0/no DST' instead in D:\freehost\dang0498009\web\game\lib\lib_simplelogger.php on line 68
2014-05-17T09:32:48+00:00 ERROR Global - Error caught: #8: Undefined index:  HTTP_USER_AGENT in D:\freehost\dang0498009\web\game\lib\lib_common.php on line 237
2014-05-17T09:32:48+00:00 ERROR Global - Error caught: #2: fopen(compress.zlib://D:\freehost\dang0498009\web\game\cache/7-0.c7763203e20a64b270352752d6a1e7c6) [<a href='function.fopen'>function.fopen</a>]: failed to open stream: operation failed in D:\freehost\dang0498009\web\game\pixmicat.php on line 247
2014-05-17T09:32:48+00:00 ERROR Global - Error caught: #2: fwrite(): supplied argument is not a valid stream resource in D:\freehost\dang0498009\web\game\pixmicat.php on line 248
2014-05-17T09:32:48+00:00 ERROR Global - Error caught: #2: fclose(): supplied argument is not a valid stream resource in D:\freehost\dang0498009\web\game\pixmicat.php on line 249
2014-05-17T09:32:48+00:00 ERROR Global - Fatal error caught: #2048: date() [<a href='function.date'>function.date</a>]: It is not safe to rely on the system's timezone settings. Please use the date.timezone setting, the TZ environment variable or the date_default_timezone_set() function. In case you used any of those methods and you are still getting this warning, you most likely misspelled the timezone identifier. We selected 'UTC' for '8.0/no DST' instead in D:\freehost\dang0498009\web\game\lib\lib_simplelogger.php on line 68
2014-05-17T09:32:49+00:00 ERROR Global - Error caught: #8: Undefined index:  HTTP_USER_AGENT in D:\freehost\dang0498009\web\game\lib\lib_common.php on line 237
2014-05-17T09:32:49+00:00 ERROR Global - Error caught: #2: fopen(compress.zlib://D:\freehost\dang0498009\web\game\cache/7-0.c7763203e20a64b270352752d6a1e7c6) [<a href='function.fopen'>function.fopen</a>]: failed to open stream: operation failed in D:\freehost\dang0498009\web\game\pixmicat.php on line 247
2014-05-17T09:32:49+00:00 ERROR Global - Error caught: #2: fwrite(): supplied argument is not a valid stream resource in D:\freehost\dang0498009\web\game\pixmicat.php on line 248
2014-05-17T09:32:49+00:00 ERROR Global - Error caught: #2: fclose(): supplied argument is not a valid stream resource in D:\freehost\dang0498009\web\game\pixmicat.php on line 249
2014-05-17T09:32:49+00:00 ERROR Global - Fatal error caught: #2048: date() [<a href='function.date'>function.date</a>]: It is not safe to rely on the system's timezone settings. Please use the date.timezone setting, the TZ environment variable or the date_default_timezone_set() function. In case you used any of those methods and you are still getting this warning, you most likely misspelled the timezone identifier. We selected 'UTC' for '8.0/no DST' instead in D:\freehost\dang0498009\web\game\lib\lib_simplelogger.php on line 68
2014-05-17T09:32:51+00:00 ERROR Global - Error caught: #8: Undefined index:  HTTP_USER_AGENT in D:\freehost\dang0498009\web\game\lib\lib_common.php on line 237
2014-05-17T09:32:51+00:00 ERROR Global - Error caught: #2: fopen(compress.zlib://D:\freehost\dang0498009\web\game\cache/7-0.c7763203e20a64b270352752d6a1e7c6) [<a href='function.fopen'>function.fopen</a>]: failed to open stream: operation failed in D:\freehost\dang0498009\web\game\pixmicat.php on line 247
2014-05-17T09:32:51+00:00 ERROR Global - Error caught: #2: fwrite(): supplied argument is not a valid stream resource in D:\freehost\dang0498009\web\game\pixmicat.php on line 248
2014-05-17T09:32:51+00:00 ERROR Global - Error caught: #2: fclose(): supplied argument is not a valid stream resource in D:\freehost\dang0498009\web\game\pixmicat.php on line 249
2014-05-17T09:32:51+00:00 ERROR Global - Fatal error caught: #2048: date() [<a href='function.date'>function.date</a>]: It is not safe to rely on the system's timezone settings. Please use the date.timezone setting, the TZ environment variable or the date_default_timezone_set() function. In case you used any of those methods and you are still getting this warning, you most likely misspelled the timezone identifier. We selected 'UTC' for '8.0/no DST' instead in D:\freehost\dang0498009\web\game\lib\lib_simplelogger.php on line 68
2014-05-17T09:32:52+00:00 ERROR Global - Error caught: #8: Undefined index:  HTTP_USER_AGENT in D:\freehost\dang0498009\web\game\lib\lib_common.php on line 237
2014-05-17T09:32:52+00:00 ERROR Global - Error caught: #2: fopen(compress.zlib://D:\freehost\dang0498009\web\game\cache/7-0.c7763203e20a64b270352752d6a1e7c6) [<a href='function.fopen'>function.fopen</a>]: failed to open stream: operation failed in D:\freehost\dang0498009\web\game\pixmicat.php on line 247
2014-05-17T09:32:52+00:00 ERROR Global - Error caught: #2: fwrite(): supplied argument is not a valid stream resource in D:\freehost\dang0498009\web\game\pixmicat.php on line 248
2014-05-17T09:32:52+00:00 ERROR Global - Error caught: #2: fclose(): supplied argument is not a valid stream resource in D:\freehost\dang0498009\web\game\pixmicat.php on line 249
2014-05-17T09:32:52+00:00 ERROR Global - Fatal error caught: #2048: date() [<a href='function.date'>function.date</a>]: It is not safe to rely on the system's timezone settings. Please use the date.timezone setting, the TZ environment variable or the date_default_timezone_set() function. In case you used any of those methods and you are still getting this warning, you most likely misspelled the timezone identifier. We selected 'UTC' for '8.0/no DST' instead in D:\freehost\dang0498009\web\game\lib\lib_simplelogger.php on line 68
2014-05-17T09:32:52+00:00 ERROR Global - Error caught: #8: Undefined index:  HTTP_USER_AGENT in D:\freehost\dang0498009\web\game\lib\lib_common.php on line 237
2014-05-17T09:32:52+00:00 ERROR Global - Error caught: #2: fopen(compress.zlib://D:\freehost\dang0498009\web\game\cache/7-0.c7763203e20a64b270352752d6a1e7c6) [<a href='function.fopen'>function.fopen</a>]: failed to open stream: operation failed in D:\freehost\dang0498009\web\game\pixmicat.php on line 247
2014-05-17T09:32:52+00:00 ERROR Global - Error caught: #2: fwrite(): supplied argument is not a valid stream resource in D:\freehost\dang0498009\web\game\pixmicat.php on line 248
2014-05-17T09:32:52+00:00 ERROR Global - Error caught: #2: fclose(): supplied argument is not a valid stream resource in D:\freehost\dang0498009\web\game\pixmicat.php on line 249
2014-05-17T09:32:52+00:00 ERROR Global - Fatal error caught: #2048: date() [<a href='function.date'>function.date</a>]: It is not safe to rely on the system's timezone settings. Please use the date.timezone setting, the TZ environment variable or the date_default_timezone_set() function. In case you used any of those methods and you are still getting this warning, you most likely misspelled the timezone identifier. We selected 'UTC' for '8.0/no DST' instead in D:\freehost\dang0498009\web\game\lib\lib_simplelogger.php on line 68
2014-05-17T09:32:52+00:00 ERROR Global - Error caught: #8: Undefined index:  HTTP_USER_AGENT in D:\freehost\dang0498009\web\game\lib\lib_common.php on line 237
2014-05-17T09:32:52+00:00 ERROR Global - Error caught: #2: fopen(compress.zlib://D:\freehost\dang0498009\web\game\cache/7-0.c7763203e20a64b270352752d6a1e7c6) [<a href='function.fopen'>function.fopen</a>]: failed to open stream: operation failed in D:\freehost\dang0498009\web\game\pixmicat.php on line 247
2014-05-17T09:32:52+00:00 ERROR Global - Error caught: #2: fwrite(): supplied argument is not a valid stream resource in D:\freehost\dang0498009\web\game\pixmicat.php on line 248
2014-05-17T09:32:52+00:00 ERROR Global - Error caught: #2: fclose(): supplied argument is not a valid stream resource in D:\freehost\dang0498009\web\game\pixmicat.php on line 249
2014-05-17T09:32:52+00:00 ERROR Global - Fatal error caught: #2048: date() [<a href='function.date'>function.date</a>]: It is not safe to rely on the system's timezone settings. Please use the date.timezone setting, the TZ environment variable or the date_default_timezone_set() function. In case you used any of those methods and you are still getting this warning, you most likely misspelled the timezone identifier. We selected 'UTC' for '8.0/no DST' instead in D:\freehost\dang0498009\web\game\lib\lib_simplelogger.php on line 68
2014-05-17T09:32:53+00:00 ERROR Global - Error caught: #2: fopen(compress.zlib://D:\freehost\dang0498009\web\game\cache/7-0.c7763203e20a64b270352752d6a1e7c6) [<a href='function.fopen'>function.fopen</a>]: failed to open stream: operation failed in D:\freehost\dang0498009\web\game\pixmicat.php on line 247
2014-05-17T09:32:53+00:00 ERROR Global - Error caught: #2: fwrite(): supplied argument is not a valid stream resource in D:\freehost\dang0498009\web\game\pixmicat.php on line 248
2014-05-17T09:32:53+00:00 ERROR Global - Error caught: #2: fclose(): supplied argument is not a valid stream resource in D:\freehost\dang0498009\web\game\pixmicat.php on line 249
2014-05-17T09:32:53+00:00 ERROR Global - Fatal error caught: #2048: date() [<a href='function.date'>function.date</a>]: It is not safe to rely on the system's timezone settings. Please use the date.timezone setting, the TZ environment variable or the date_default_timezone_set() function. In case you used any of those methods and you are still getting this warning, you most likely misspelled the timezone identifier. We selected 'UTC' for '8.0/no DST' instead in D:\freehost\dang0498009\web\game\lib\lib_simplelogger.php on line 68
2014-05-17T09:32:57+00:00 ERROR Global - Error caught: #2: fopen(compress.zlib://D:\freehost\dang0498009\web\game\cache/7-0.c7763203e20a64b270352752d6a1e7c6) [<a href='function.fopen'>function.fopen</a>]: failed to open stream: operation failed in D:\freehost\dang0498009\web\game\pixmicat.php on line 247
2014-05-17T09:32:57+00:00 ERROR Global - Error caught: #2: fwrite(): supplied argument is not a valid stream resource in D:\freehost\dang0498009\web\game\pixmicat.php on line 248
2014-05-17T09:32:57+00:00 ERROR Global - Error caught: #2: fclose(): supplied argument is not a valid stream resource in D:\freehost\dang0498009\web\game\pixmicat.php on line 249
2014-05-17T09:32:57+00:00 ERROR Global - Fatal error caught: #2048: date() [<a href='function.date'>function.date</a>]: It is not safe to rely on the system's timezone settings. Please use the date.timezone setting, the TZ environment variable or the date_default_timezone_set() function. In case you used any of those methods and you are still getting this warning, you most likely misspelled the timezone identifier. We selected 'UTC' for '8.0/no DST' instead in D:\freehost\dang0498009\web\game\lib\lib_simplelogger.php on line 68
2014-05-19T20:06:42+00:00 ERROR Global - Error caught: #2: fopen(compress.zlib://D:\freehost\dang0498009\web\game\cache/7-0.c7763203e20a64b270352752d6a1e7c6) [<a href='function.fopen'>function.fopen</a>]: failed to open stream: operation failed in D:\freehost\dang0498009\web\game\pixmicat.php on line 247
2014-05-19T20:06:42+00:00 ERROR Global - Error caught: #2: fwrite(): supplied argument is not a valid stream resource in D:\freehost\dang0498009\web\game\pixmicat.php on line 248
2014-05-19T20:06:42+00:00 ERROR Global - Error caught: #2: fclose(): supplied argument is not a valid stream resource in D:\freehost\dang0498009\web\game\pixmicat.php on line 249
2014-05-19T20:06:42+00:00 ERROR Global - Fatal error caught: #2048: date() [<a href='function.date'>function.date</a>]: It is not safe to rely on the system's timezone settings. Please use the date.timezone setting, the TZ environment variable or the date_default_timezone_set() function. In case you used any of those methods and you are still getting this warning, you most likely misspelled the timezone identifier. We selected 'UTC' for '8.0/no DST' instead in D:\freehost\dang0498009\web\game\lib\lib_simplelogger.php on line 68
2014-05-28T03:15:35+00:00 ERROR Global - Error caught: #2: fopen(compress.zlib://D:\freehost\dang0498009\web\game\cache/7-0.c7763203e20a64b270352752d6a1e7c6) [<a href='function.fopen'>function.fopen</a>]: failed to open stream: operation failed in D:\freehost\dang0498009\web\game\pixmicat.php on line 247
2014-05-28T03:15:35+00:00 ERROR Global - Error caught: #2: fwrite(): supplied argument is not a valid stream resource in D:\freehost\dang0498009\web\game\pixmicat.php on line 248
2014-05-28T03:15:35+00:00 ERROR Global - Error caught: #2: fclose(): supplied argument is not a valid stream resource in D:\freehost\dang0498009\web\game\pixmicat.php on line 249
2014-05-28T03:15:35+00:00 ERROR Global - Fatal error caught: #2048: date() [<a href='function.date'>function.date</a>]: It is not safe to rely on the system's timezone settings. Please use the date.timezone setting, the TZ environment variable or the date_default_timezone_set() function. In case you used any of those methods and you are still getting this warning, you most likely misspelled the timezone identifier. We selected 'UTC' for '8.0/no DST' instead in D:\freehost\dang0498009\web\game\lib\lib_simplelogger.php on line 68
2014-05-28T04:22:59+00:00 ERROR Global - Error caught: #2: fopen(compress.zlib://D:\freehost\dang0498009\web\game\cache/7-0.c2eb282156233b5d827219971c8b04c2) [<a href='function.fopen'>function.fopen</a>]: failed to open stream: operation failed in D:\freehost\dang0498009\web\game\pixmicat.php on line 247
2014-05-28T04:23:00+00:00 ERROR Global - Error caught: #2: fwrite(): supplied argument is not a valid stream resource in D:\freehost\dang0498009\web\game\pixmicat.php on line 248
2014-05-28T04:23:00+00:00 ERROR Global - Error caught: #2: fclose(): supplied argument is not a valid stream resource in D:\freehost\dang0498009\web\game\pixmicat.php on line 249
2014-05-28T04:23:00+00:00 ERROR Global - Fatal error caught: #2048: date() [<a href='function.date'>function.date</a>]: It is not safe to rely on the system's timezone settings. Please use the date.timezone setting, the TZ environment variable or the date_default_timezone_set() function. In case you used any of those methods and you are still getting this warning, you most likely misspelled the timezone identifier. We selected 'UTC' for '8.0/no DST' instead in D:\freehost\dang0498009\web\game\lib\lib_simplelogger.php on line 68
