2014-05-12T16:19:17+00:00 ERROR Global - Error caught: #2: fopen(compress.zlib://D:\freehost\dang0498009\web\GAY\cache/3-0.c2eb282156233b5d827219971c8b04c2) [<a href='function.fopen'>function.fopen</a>]: failed to open stream: operation failed in D:\freehost\dang0498009\web\GAY\pixmicat.php on line 247
2014-05-12T16:19:17+00:00 ERROR Global - Error caught: #2: fwrite(): supplied argument is not a valid stream resource in D:\freehost\dang0498009\web\GAY\pixmicat.php on line 248
2014-05-12T16:19:17+00:00 ERROR Global - Error caught: #2: fclose(): supplied argument is not a valid stream resource in D:\freehost\dang0498009\web\GAY\pixmicat.php on line 249
2014-05-12T16:19:17+00:00 ERROR Global - Fatal error caught: #2048: date() [<a href='function.date'>function.date</a>]: It is not safe to rely on the system's timezone settings. Please use the date.timezone setting, the TZ environment variable or the date_default_timezone_set() function. In case you used any of those methods and you are still getting this warning, you most likely misspelled the timezone identifier. We selected 'UTC' for '8.0/no DST' instead in D:\freehost\dang0498009\web\GAY\lib\lib_simplelogger.php on line 68
2014-05-14T07:45:26+00:00 ERROR Global - Error caught: #2: fopen(compress.zlib://D:\freehost\dang0498009\web\GAY\cache/2-0.c7763203e20a64b270352752d6a1e7c6) [<a href='function.fopen'>function.fopen</a>]: failed to open stream: operation failed in D:\freehost\dang0498009\web\GAY\pixmicat.php on line 247
2014-05-14T07:45:26+00:00 ERROR Global - Error caught: #2: fwrite(): supplied argument is not a valid stream resource in D:\freehost\dang0498009\web\GAY\pixmicat.php on line 248
2014-05-14T07:45:26+00:00 ERROR Global - Error caught: #2: fclose(): supplied argument is not a valid stream resource in D:\freehost\dang0498009\web\GAY\pixmicat.php on line 249
2014-05-14T07:45:26+00:00 ERROR Global - Fatal error caught: #2048: date() [<a href='function.date'>function.date</a>]: It is not safe to rely on the system's timezone settings. Please use the date.timezone setting, the TZ environment variable or the date_default_timezone_set() function. In case you used any of those methods and you are still getting this warning, you most likely misspelled the timezone identifier. We selected 'UTC' for '8.0/no DST' instead in D:\freehost\dang0498009\web\GAY\lib\lib_simplelogger.php on line 68
2014-05-15T05:01:28+00:00 ERROR Global - Error caught: #2: fopen(compress.zlib://D:\freehost\dang0498009\web\GAY\cache/3-0.c2eb282156233b5d827219971c8b04c2) [<a href='function.fopen'>function.fopen</a>]: failed to open stream: operation failed in D:\freehost\dang0498009\web\GAY\pixmicat.php on line 247
2014-05-15T05:01:28+00:00 ERROR Global - Error caught: #2: fwrite(): supplied argument is not a valid stream resource in D:\freehost\dang0498009\web\GAY\pixmicat.php on line 248
2014-05-15T05:01:28+00:00 ERROR Global - Error caught: #2: fclose(): supplied argument is not a valid stream resource in D:\freehost\dang0498009\web\GAY\pixmicat.php on line 249
2014-05-15T05:01:28+00:00 ERROR Global - Fatal error caught: #2048: date() [<a href='function.date'>function.date</a>]: It is not safe to rely on the system's timezone settings. Please use the date.timezone setting, the TZ environment variable or the date_default_timezone_set() function. In case you used any of those methods and you are still getting this warning, you most likely misspelled the timezone identifier. We selected 'UTC' for '8.0/no DST' instead in D:\freehost\dang0498009\web\GAY\lib\lib_simplelogger.php on line 68
2014-05-15T05:07:23+00:00 ERROR Global - Error caught: #2: fopen(compress.zlib://D:\freehost\dang0498009\web\GAY\cache/2-0.c7763203e20a64b270352752d6a1e7c6) [<a href='function.fopen'>function.fopen</a>]: failed to open stream: operation failed in D:\freehost\dang0498009\web\GAY\pixmicat.php on line 247
2014-05-15T05:07:23+00:00 ERROR Global - Error caught: #2: fwrite(): supplied argument is not a valid stream resource in D:\freehost\dang0498009\web\GAY\pixmicat.php on line 248
2014-05-15T05:07:23+00:00 ERROR Global - Error caught: #2: fclose(): supplied argument is not a valid stream resource in D:\freehost\dang0498009\web\GAY\pixmicat.php on line 249
2014-05-15T05:07:23+00:00 ERROR Global - Fatal error caught: #2048: date() [<a href='function.date'>function.date</a>]: It is not safe to rely on the system's timezone settings. Please use the date.timezone setting, the TZ environment variable or the date_default_timezone_set() function. In case you used any of those methods and you are still getting this warning, you most likely misspelled the timezone identifier. We selected 'UTC' for '8.0/no DST' instead in D:\freehost\dang0498009\web\GAY\lib\lib_simplelogger.php on line 68
2014-05-15T05:11:09+00:00 ERROR Global - Error caught: #2: fopen(compress.zlib://D:\freehost\dang0498009\web\GAY\cache/6-0.c7763203e20a64b270352752d6a1e7c6) [<a href='function.fopen'>function.fopen</a>]: failed to open stream: operation failed in D:\freehost\dang0498009\web\GAY\pixmicat.php on line 247
2014-05-15T05:11:09+00:00 ERROR Global - Error caught: #2: fwrite(): supplied argument is not a valid stream resource in D:\freehost\dang0498009\web\GAY\pixmicat.php on line 248
2014-05-15T05:11:09+00:00 ERROR Global - Error caught: #2: fclose(): supplied argument is not a valid stream resource in D:\freehost\dang0498009\web\GAY\pixmicat.php on line 249
2014-05-15T05:11:09+00:00 ERROR Global - Fatal error caught: #2048: date() [<a href='function.date'>function.date</a>]: It is not safe to rely on the system's timezone settings. Please use the date.timezone setting, the TZ environment variable or the date_default_timezone_set() function. In case you used any of those methods and you are still getting this warning, you most likely misspelled the timezone identifier. We selected 'UTC' for '8.0/no DST' instead in D:\freehost\dang0498009\web\GAY\lib\lib_simplelogger.php on line 68
2014-05-15T05:17:49+00:00 ERROR Global - Error caught: #2: fopen(compress.zlib://D:\freehost\dang0498009\web\GAY\cache/4-0.c7763203e20a64b270352752d6a1e7c6) [<a href='function.fopen'>function.fopen</a>]: failed to open stream: operation failed in D:\freehost\dang0498009\web\GAY\pixmicat.php on line 247
2014-05-15T05:17:50+00:00 ERROR Global - Error caught: #2: fwrite(): supplied argument is not a valid stream resource in D:\freehost\dang0498009\web\GAY\pixmicat.php on line 248
2014-05-15T05:17:50+00:00 ERROR Global - Error caught: #2: fclose(): supplied argument is not a valid stream resource in D:\freehost\dang0498009\web\GAY\pixmicat.php on line 249
2014-05-15T05:17:50+00:00 ERROR Global - Fatal error caught: #2048: date() [<a href='function.date'>function.date</a>]: It is not safe to rely on the system's timezone settings. Please use the date.timezone setting, the TZ environment variable or the date_default_timezone_set() function. In case you used any of those methods and you are still getting this warning, you most likely misspelled the timezone identifier. We selected 'UTC' for '8.0/no DST' instead in D:\freehost\dang0498009\web\GAY\lib\lib_simplelogger.php on line 68
2014-05-15T05:34:06+00:00 ERROR Global - Error caught: #2: fopen(compress.zlib://D:\freehost\dang0498009\web\GAY\cache/1-0.c7763203e20a64b270352752d6a1e7c6) [<a href='function.fopen'>function.fopen</a>]: failed to open stream: operation failed in D:\freehost\dang0498009\web\GAY\pixmicat.php on line 247
2014-05-15T05:34:06+00:00 ERROR Global - Error caught: #2: fwrite(): supplied argument is not a valid stream resource in D:\freehost\dang0498009\web\GAY\pixmicat.php on line 248
2014-05-15T05:34:06+00:00 ERROR Global - Error caught: #2: fclose(): supplied argument is not a valid stream resource in D:\freehost\dang0498009\web\GAY\pixmicat.php on line 249
2014-05-15T05:34:06+00:00 ERROR Global - Fatal error caught: #2048: date() [<a href='function.date'>function.date</a>]: It is not safe to rely on the system's timezone settings. Please use the date.timezone setting, the TZ environment variable or the date_default_timezone_set() function. In case you used any of those methods and you are still getting this warning, you most likely misspelled the timezone identifier. We selected 'UTC' for '8.0/no DST' instead in D:\freehost\dang0498009\web\GAY\lib\lib_simplelogger.php on line 68
2014-05-16T10:06:23+00:00 ERROR Global - Error caught: #2: fopen(compress.zlib://D:\freehost\dang0498009\web\GAY\cache/2-0.c7763203e20a64b270352752d6a1e7c6) [<a href='function.fopen'>function.fopen</a>]: failed to open stream: operation failed in D:\freehost\dang0498009\web\GAY\pixmicat.php on line 247
2014-05-16T10:06:23+00:00 ERROR Global - Error caught: #2: fwrite(): supplied argument is not a valid stream resource in D:\freehost\dang0498009\web\GAY\pixmicat.php on line 248
2014-05-16T10:06:23+00:00 ERROR Global - Error caught: #2: fclose(): supplied argument is not a valid stream resource in D:\freehost\dang0498009\web\GAY\pixmicat.php on line 249
2014-05-16T10:06:23+00:00 ERROR Global - Fatal error caught: #2048: date() [<a href='function.date'>function.date</a>]: It is not safe to rely on the system's timezone settings. Please use the date.timezone setting, the TZ environment variable or the date_default_timezone_set() function. In case you used any of those methods and you are still getting this warning, you most likely misspelled the timezone identifier. We selected 'UTC' for '8.0/no DST' instead in D:\freehost\dang0498009\web\GAY\lib\lib_simplelogger.php on line 68
2014-05-16T17:23:26+00:00 ERROR Global - Error caught: #2: fopen(compress.zlib://D:\freehost\dang0498009\web\GAY\cache/6-0.c7763203e20a64b270352752d6a1e7c6) [<a href='function.fopen'>function.fopen</a>]: failed to open stream: operation failed in D:\freehost\dang0498009\web\GAY\pixmicat.php on line 247
2014-05-16T17:23:26+00:00 ERROR Global - Error caught: #2: fwrite(): supplied argument is not a valid stream resource in D:\freehost\dang0498009\web\GAY\pixmicat.php on line 248
2014-05-16T17:23:26+00:00 ERROR Global - Error caught: #2: fclose(): supplied argument is not a valid stream resource in D:\freehost\dang0498009\web\GAY\pixmicat.php on line 249
2014-05-16T17:23:26+00:00 ERROR Global - Fatal error caught: #2048: date() [<a href='function.date'>function.date</a>]: It is not safe to rely on the system's timezone settings. Please use the date.timezone setting, the TZ environment variable or the date_default_timezone_set() function. In case you used any of those methods and you are still getting this warning, you most likely misspelled the timezone identifier. We selected 'UTC' for '8.0/no DST' instead in D:\freehost\dang0498009\web\GAY\lib\lib_simplelogger.php on line 68
2014-05-16T17:23:28+00:00 ERROR Global - Error caught: #2: fopen(compress.zlib://D:\freehost\dang0498009\web\GAY\cache/3-0.c2eb282156233b5d827219971c8b04c2) [<a href='function.fopen'>function.fopen</a>]: failed to open stream: operation failed in D:\freehost\dang0498009\web\GAY\pixmicat.php on line 247
2014-05-16T17:23:28+00:00 ERROR Global - Error caught: #2: fwrite(): supplied argument is not a valid stream resource in D:\freehost\dang0498009\web\GAY\pixmicat.php on line 248
2014-05-16T17:23:28+00:00 ERROR Global - Error caught: #2: fclose(): supplied argument is not a valid stream resource in D:\freehost\dang0498009\web\GAY\pixmicat.php on line 249
2014-05-16T17:23:28+00:00 ERROR Global - Fatal error caught: #2048: date() [<a href='function.date'>function.date</a>]: It is not safe to rely on the system's timezone settings. Please use the date.timezone setting, the TZ environment variable or the date_default_timezone_set() function. In case you used any of those methods and you are still getting this warning, you most likely misspelled the timezone identifier. We selected 'UTC' for '8.0/no DST' instead in D:\freehost\dang0498009\web\GAY\lib\lib_simplelogger.php on line 68
2014-05-16T17:37:46+00:00 ERROR Global - Error caught: #2: fopen(compress.zlib://D:\freehost\dang0498009\web\GAY\cache/3-0.c2eb282156233b5d827219971c8b04c2) [<a href='function.fopen'>function.fopen</a>]: failed to open stream: operation failed in D:\freehost\dang0498009\web\GAY\pixmicat.php on line 247
2014-05-16T17:37:46+00:00 ERROR Global - Error caught: #2: fwrite(): supplied argument is not a valid stream resource in D:\freehost\dang0498009\web\GAY\pixmicat.php on line 248
2014-05-16T17:37:46+00:00 ERROR Global - Error caught: #2: fclose(): supplied argument is not a valid stream resource in D:\freehost\dang0498009\web\GAY\pixmicat.php on line 249
2014-05-16T17:37:46+00:00 ERROR Global - Fatal error caught: #2048: date() [<a href='function.date'>function.date</a>]: It is not safe to rely on the system's timezone settings. Please use the date.timezone setting, the TZ environment variable or the date_default_timezone_set() function. In case you used any of those methods and you are still getting this warning, you most likely misspelled the timezone identifier. We selected 'UTC' for '8.0/no DST' instead in D:\freehost\dang0498009\web\GAY\lib\lib_simplelogger.php on line 68
2014-05-16T17:41:41+00:00 ERROR Global - Error caught: #2: fopen(compress.zlib://D:\freehost\dang0498009\web\GAY\cache/6-0.c7763203e20a64b270352752d6a1e7c6) [<a href='function.fopen'>function.fopen</a>]: failed to open stream: operation failed in D:\freehost\dang0498009\web\GAY\pixmicat.php on line 247
2014-05-16T17:41:41+00:00 ERROR Global - Error caught: #2: fwrite(): supplied argument is not a valid stream resource in D:\freehost\dang0498009\web\GAY\pixmicat.php on line 248
2014-05-16T17:41:41+00:00 ERROR Global - Error caught: #2: fclose(): supplied argument is not a valid stream resource in D:\freehost\dang0498009\web\GAY\pixmicat.php on line 249
2014-05-16T17:41:41+00:00 ERROR Global - Fatal error caught: #2048: date() [<a href='function.date'>function.date</a>]: It is not safe to rely on the system's timezone settings. Please use the date.timezone setting, the TZ environment variable or the date_default_timezone_set() function. In case you used any of those methods and you are still getting this warning, you most likely misspelled the timezone identifier. We selected 'UTC' for '8.0/no DST' instead in D:\freehost\dang0498009\web\GAY\lib\lib_simplelogger.php on line 68
2014-05-16T18:14:52+00:00 ERROR Global - Error caught: #2: fopen(compress.zlib://D:\freehost\dang0498009\web\GAY\cache/6-0.c7763203e20a64b270352752d6a1e7c6) [<a href='function.fopen'>function.fopen</a>]: failed to open stream: operation failed in D:\freehost\dang0498009\web\GAY\pixmicat.php on line 247
2014-05-16T18:14:52+00:00 ERROR Global - Error caught: #2: fwrite(): supplied argument is not a valid stream resource in D:\freehost\dang0498009\web\GAY\pixmicat.php on line 248
2014-05-16T18:14:52+00:00 ERROR Global - Error caught: #2: fclose(): supplied argument is not a valid stream resource in D:\freehost\dang0498009\web\GAY\pixmicat.php on line 249
2014-05-16T18:14:52+00:00 ERROR Global - Fatal error caught: #2048: date() [<a href='function.date'>function.date</a>]: It is not safe to rely on the system's timezone settings. Please use the date.timezone setting, the TZ environment variable or the date_default_timezone_set() function. In case you used any of those methods and you are still getting this warning, you most likely misspelled the timezone identifier. We selected 'UTC' for '8.0/no DST' instead in D:\freehost\dang0498009\web\GAY\lib\lib_simplelogger.php on line 68
2014-05-16T18:19:54+00:00 ERROR Global - Error caught: #2: fopen(compress.zlib://D:\freehost\dang0498009\web\GAY\cache/3-0.c2eb282156233b5d827219971c8b04c2) [<a href='function.fopen'>function.fopen</a>]: failed to open stream: operation failed in D:\freehost\dang0498009\web\GAY\pixmicat.php on line 247
2014-05-16T18:19:54+00:00 ERROR Global - Error caught: #2: fwrite(): supplied argument is not a valid stream resource in D:\freehost\dang0498009\web\GAY\pixmicat.php on line 248
2014-05-16T18:19:54+00:00 ERROR Global - Error caught: #2: fclose(): supplied argument is not a valid stream resource in D:\freehost\dang0498009\web\GAY\pixmicat.php on line 249
2014-05-16T18:19:54+00:00 ERROR Global - Fatal error caught: #2048: date() [<a href='function.date'>function.date</a>]: It is not safe to rely on the system's timezone settings. Please use the date.timezone setting, the TZ environment variable or the date_default_timezone_set() function. In case you used any of those methods and you are still getting this warning, you most likely misspelled the timezone identifier. We selected 'UTC' for '8.0/no DST' instead in D:\freehost\dang0498009\web\GAY\lib\lib_simplelogger.php on line 68
2014-05-19T06:55:06+00:00 ERROR Global - Error caught: #2: fopen(compress.zlib://D:\freehost\dang0498009\web\GAY\cache/2-all.b7ec7dad0d0133ab2b5dfd1d89896e8d) [<a href='function.fopen'>function.fopen</a>]: failed to open stream: operation failed in D:\freehost\dang0498009\web\GAY\pixmicat.php on line 247
2014-05-19T06:55:06+00:00 ERROR Global - Error caught: #2: fwrite(): supplied argument is not a valid stream resource in D:\freehost\dang0498009\web\GAY\pixmicat.php on line 248
2014-05-19T06:55:06+00:00 ERROR Global - Error caught: #2: fclose(): supplied argument is not a valid stream resource in D:\freehost\dang0498009\web\GAY\pixmicat.php on line 249
2014-05-19T06:55:06+00:00 ERROR Global - Fatal error caught: #2048: date() [<a href='function.date'>function.date</a>]: It is not safe to rely on the system's timezone settings. Please use the date.timezone setting, the TZ environment variable or the date_default_timezone_set() function. In case you used any of those methods and you are still getting this warning, you most likely misspelled the timezone identifier. We selected 'UTC' for '8.0/no DST' instead in D:\freehost\dang0498009\web\GAY\lib\lib_simplelogger.php on line 68
